<?xml version="1.0" encoding="UTF-8"?>
<!-- Generated by org.testng.reporters.JUnitReportReporter -->
<testsuite hostname="LAPTOP-2LAFLHEG" failures="0" tests="1" name="com.mindtree.runner.validatename" time="3.261" errors="0" timestamp="2021-11-07T18:22:29 IST" skipped="0">
  <testcase classname="com.mindtree.runner.validatename" name="basehomepage" time="3.261"/>
  <system-out/>
</testsuite> <!-- com.mindtree.runner.validatename -->
