<?xml version="1.0" encoding="UTF-8"?>
<!-- Generated by org.testng.reporters.JUnitReportReporter -->
<testsuite hostname="LAPTOP-2LAFLHEG" failures="0" tests="1" name="com.mindtree.pageobject.searchitem" time="0.491" errors="0" timestamp="2021-11-07T18:22:29 IST" skipped="0">
  <testcase classname="com.mindtree.pageobject.searchitem" name="search" time="0.491"/>
  <system-out/>
</testsuite> <!-- com.mindtree.pageobject.searchitem -->
